"../../../../../../Projets/Unreal/Unreal_WorkshopLD/UE4_WorkshopLevelDesign/Content/Graphics/Mannequin/Character/Mesh/UE4_Mannequin_Skeleton.uasset" 0
"../../../../../../Projets/Unreal/Unreal_WorkshopLD/UE4_WorkshopLevelDesign/Content/Graphics/Mannequin/Animations/ThirdPersonJump_End.uasset" 1
"../../../Engine/Content/Functions/Engine_MaterialFunctions01/Opacity/CameraDepthFade.uasset" 2
"../../../Engine/Content/EngineMaterials/T_Default_Material_Grid_M.uasset" 3
"../../../Engine/Content/EngineMaterials/T_Default_Material_Grid_N.uasset" 4
"../../../Engine/Content/EngineMaterials/WorldGridMaterial.uasset" 5
"../../../Engine/Content/ArtTools/RenderToTexture/Meshes/S_1_Unit_Plane.uasset" 6
"../../../Engine/Content/EngineMaterials/DefaultMaterial.uasset" 7
"../../../Engine/Content/BasicShapes/Cone.uasset" 8
"../../../Engine/Content/BasicShapes/Cube.uasset" 9
"../../../Engine/Content/BasicShapes/Cylinder.uasset" 10
"../../../Engine/Content/BasicShapes/Plane.uasset" 11
"../../../Engine/Content/BasicShapes/Sphere.uasset" 12
"../../../Engine/Content/EditorLandscapeResources/DataLayer.uasset" 13
"../../../Engine/Content/EditorMaterials/GizmoMaterial.uasset" 14
"../../../Engine/Content/EditorMaterials/MAT_Groups_Toggle.uasset" 15
"../../../Engine/Content/EditorMaterials/MAT_Groups_Visibility.uasset" 16
"../../../Engine/Content/EditorMaterials/PreviewShadowIndicator.uasset" 17
"../../../Engine/Content/EditorMaterials/PreviewShadowIndicatorMaterial.uasset" 18
"../../../Engine/Content/EditorMaterials/MatineeGroups/MAT_ColorTrack.uasset" 19
"../../../Engine/Content/EditorMaterials/MatineeGroups/MAT_Groups_Anim.uasset" 20
"../../../Engine/Content/EditorMaterials/MatineeGroups/MAT_Groups_AudioMaster.uasset" 21
"../../../Engine/Content/EditorMaterials/MatineeGroups/MAT_Groups_Director.uasset" 22
"../../../Engine/Content/EditorMaterials/MatineeGroups/MAT_Groups_Event.uasset" 23
"../../../Engine/Content/EditorMaterials/MatineeGroups/MAT_Groups_Fade.uasset" 24
"../../../Engine/Content/EditorMaterials/MatineeGroups/MAT_Groups_Float.uasset" 25
"../../../Engine/Content/EditorMaterials/MatineeGroups/MAT_Groups_Move.uasset" 26
"../../../Engine/Content/EditorMaterials/MatineeGroups/MAT_Groups_Slomo.uasset" 27
"../../../Engine/Content/EditorMaterials/MatineeGroups/MAT_Groups_Sound.uasset" 28
"../../../Engine/Content/EditorMaterials/MatineeGroups/MAT_Groups_Vector.uasset" 29
"../../../Engine/Content/EditorMaterials/ParticleSystems/PSysThumbnail_NoImage.uasset" 30
"../../../Engine/Content/EditorMaterials/ParticleSystems/PSysThumbnail_OOD.uasset" 31
"../../../Engine/Content/EditorMaterials/Camera/CineMat.uasset" 32
"../../../Engine/Content/EditorMaterials/Camera/MI_CineMat_Rig.uasset" 33
"../../../Engine/Content/EditorMeshes/Camera/SM_CraneRig_Arm.uasset" 34
"../../../Engine/Content/EditorMeshes/Camera/SM_CraneRig_Base.uasset" 35
"../../../Engine/Content/EditorMeshes/Camera/SM_CraneRig_Body.uasset" 36
"../../../Engine/Content/EditorMeshes/Camera/SM_CraneRig_Mount.uasset" 37
"../../../Engine/Content/EditorMeshes/Camera/SM_RailRig_Mount.uasset" 38
"../../../Engine/Content/EditorMeshes/Camera/SM_RailRig_Track.uasset" 39
"../../../Engine/Content/EditorResources/BSPVertex.uasset" 40
"../../../Engine/Content/EditorResources/EmptyActor.uasset" 41
"../../../Engine/Content/EditorResources/S_Actor.uasset" 42
"../../../Engine/Content/EditorResources/S_Trigger.uasset" 43
"../../../Engine/Content/EditorResources/LightIcons/S_LightError.uasset" 44
"../../../Engine/Content/EditorResources/SequenceRecorder/Countdown.uasset" 45
"../../../Engine/Content/EditorResources/SequenceRecorder/RecordingIndicator.uasset" 46
"../../../Engine/Content/EditorSounds/Notifications/CompileFailed.uasset" 47
"../../../Engine/Content/EditorSounds/Notifications/CompileFailed_Cue.uasset" 48
"../../../Engine/Content/EditorSounds/Notifications/CompileSuccess.uasset" 49
"../../../Engine/Content/EditorSounds/Notifications/CompileStart_Cue.uasset" 50
"../../../Engine/Content/EditorSounds/Notifications/CompileSuccess_Cue.uasset" 51
"../../../Engine/Content/EngineDamageTypes/DmgTypeBP_Environmental.uasset" 52
"../../../Engine/Content/EngineDebugMaterials/HeatmapGradient.uasset" 53
"../../../Engine/Content/EngineDebugMaterials/BoneWeightMaterial.uasset" 54
"../../../Engine/Content/EngineDebugMaterials/ClothMaterial.uasset" 55
"../../../Engine/Content/EngineDebugMaterials/ClothMaterial_WF.uasset" 56
"../../../Engine/Content/EngineDebugMaterials/DebugEditorMaterial.uasset" 57
"../../../Engine/Content/EngineDebugMaterials/DebugMeshMaterial.uasset" 58
"../../../Engine/Content/EngineDebugMaterials/GeomMaterial.uasset" 59
"../../../Engine/Content/EngineDebugMaterials/M_SimpleTranslucent.uasset" 60
"../../../Engine/Content/EngineFonts/Faces/RobotoBold.uasset" 61
"../../../Engine/Content/EngineFonts/Faces/RobotoBoldItalic.uasset" 62
"../../../Engine/Content/EngineFonts/Faces/RobotoItalic.uasset" 63
"../../../Engine/Content/EngineFonts/Faces/RobotoLight.uasset" 64
"../../../Engine/Content/EngineFonts/Faces/RobotoRegular.uasset" 65
"../../../Engine/Content/EngineFonts/Roboto.uasset" 66
"../../../Engine/Content/EngineFonts/Faces/RobotoTiny.uasset" 67
"../../../Engine/Content/EngineFonts/RobotoTiny.uasset" 68
"../../../Engine/Content/EngineMaterials/BaseFlattenDiffuseMap.uasset" 69
"../../../Engine/Content/EngineMaterials/BaseFlattenEmissiveMap.uasset" 70
"../../../Engine/Content/EngineMaterials/BaseFlattenGrayscaleMap.uasset" 71
"../../../Engine/Content/EngineMaterials/BaseFlattenNormalMap.uasset" 72
"../../../Engine/Content/EngineMaterials/BaseFlattenMaterial.uasset" 73
"../../../Engine/Content/EngineMaterials/DefaultBloomKernel.uasset" 74
"../../../Engine/Content/EngineMaterials/DefaultBokeh.uasset" 75
"../../../Engine/Content/EngineMaterials/DefaultDiffuse.uasset" 76
"../../../Engine/Content/EngineMaterials/DefaultDeferredDecalMaterial.uasset" 77
"../../../Engine/Content/EngineMaterials/DefaultLightFunctionMaterial.uasset" 78
"../../../Engine/Content/EngineMaterials/DefaultPhysicalMaterial.uasset" 79
"../../../Engine/Content/Functions/Engine_MaterialFunctions02/Utility/BreakOutFloat2Components.uasset" 80
"../../../Engine/Content/EngineMaterials/DefaultPostProcessMaterial.uasset" 81
"../../../Engine/Content/EngineFonts/RobotoDistanceField.uasset" 82
"../../../Engine/Content/EngineMaterials/DefaultTextMaterialOpaque.uasset" 83
"../../../Engine/Content/EngineMaterials/DefaultWhiteGrid.uasset" 84
"../../../Engine/Content/EngineMaterials/EditorBrushMaterial.uasset" 85
"../../../Engine/Content/EngineMaterials/Good64x64TilingNoiseHighFreq.uasset" 86
"../../../Engine/Content/EngineMaterials/MiniFont.uasset" 87
"../../../Engine/Content/EngineMaterials/InvalidLightmapSettings.uasset" 88
"../../../Engine/Content/EngineMaterials/M_InvalidLightmapSettings.uasset" 89
"../../../Engine/Content/Functions/Engine_MaterialFunctions02/WorldPositionOffset/CameraOffset.uasset" 90
"../../../Engine/Content/EngineMaterials/PhAT_JointLimitMaterial.uasset" 91
"../../../Engine/Content/EngineMaterials/PreintegratedSkinBRDF.uasset" 92
"../../../Engine/Content/EngineMaterials/RemoveSurfaceMaterial.uasset" 93
"../../../Engine/Content/EngineMaterials/WeightMapPlaceholderTexture.uasset" 94
"../../../Engine/Content/EngineResources/WhiteSquareTexture.uasset" 95
"../../../Engine/Content/EngineMaterials/Widget3DPassThrough.uasset" 96
"../../../Engine/Content/EngineMaterials/Widget3DPassThrough_Masked.uasset" 97
"../../../Engine/Content/EngineMaterials/Widget3DPassThrough_Opaque.uasset" 98
"../../../Engine/Content/EngineMaterials/Widget3DPassThrough_Masked_OneSided.uasset" 99
"../../../Engine/Content/EngineMaterials/Widget3DPassThrough_Opaque_OneSided.uasset" 100
"../../../Engine/Content/EngineMaterials/Widget3DPassThrough_Translucent.uasset" 101
"../../../Engine/Content/EngineMaterials/Widget3DPassThrough_Translucent_OneSided.uasset" 102
"../../../Engine/Content/EngineMeshes/Cylinder.uasset" 103
"../../../Engine/Content/EngineMeshes/Sphere.uasset" 104
"../../../Engine/Content/EngineResources/Black.uasset" 105
"../../../Engine/Content/EngineResources/DefaultTexture.uasset" 106
"../../../Engine/Content/EngineResources/DefaultTextureCube.uasset" 107
"../../../Engine/Content/EngineResources/DefaultVolumeTexture2D.uasset" 108
"../../../Engine/Content/EngineResources/DefaultVolumeTexture.uasset" 109
"../../../Engine/Content/EngineResources/GradientTexture0.uasset" 110
"../../../Engine/Content/EngineSounds/Master.uasset" 111
"../../../Engine/Content/Functions/Engine_MaterialFunctions01/Shading/ConvertFromDiffSpec.uasset" 112
"../../../Engine/Content/Functions/Engine_MaterialFunctions01/Shading/PowerToRoughness.uasset" 113
"../../../Engine/Content/Maps/Templates/Thumbnails/Default.uasset" 114
"../../../Engine/Content/Maps/Templates/Thumbnails/VR-Basic.uasset" 115
"../../../Engine/Content/MobileResources/T_MobileControls_texture.uasset" 116
"../../../Engine/Content/MobileResources/T_MobileMenu2.uasset" 117
"../../../Engine/Content/MobileResources/HUD/AnalogHat.uasset" 118
"../../../Engine/Content/MobileResources/HUD/VirtualJoystick_Background.uasset" 119
"../../../Engine/Content/MobileResources/HUD/VirtualJoystick_Thumb.uasset" 120
"../../../Engine/Content/MobileResources/HUD/DefaultVirtualJoysticks.uasset" 121
"../../../Engine/Content/MobileResources/HUD/LeftVirtualJoystickOnly.uasset" 122
"../../../Engine/Content/MobileResources/HUD/MobileHUDButton1_off.uasset" 123
"../../../Engine/Content/MobileResources/HUD/MobileHUDButton1_on.uasset" 124
"../../../Engine/Content/MobileResources/HUD/MobileHUDButton2_off.uasset" 125
"../../../Engine/Content/MobileResources/HUD/MobileHUDButton2_on.uasset" 126
"../../../Engine/Content/MobileResources/HUD/MobileHUDButton3.uasset" 127
"../../../Engine/Content/MobileResources/HUD/MobileHUDButtonFire.uasset" 128
"../../../Engine/Content/MobileResources/HUD/MobileHUDDirectionPad.uasset" 129
"../../../Engine/Content/MobileResources/HUD/MobileHUDDirectionPad2.uasset" 130
"../../../Engine/Content/MobileResources/HUD/MobileHUDDirectionPad3.uasset" 131
"../../../Engine/Content/MobileResources/HUD/MobileHUDDirectionStick.uasset" 132
"../../../Engine/Content/MobileResources/HUD/T_Castle_ThumbstickInner.uasset" 133
"../../../Engine/Content/MobileResources/HUD/T_Castle_ThumbstickOutter.uasset" 134
"../../../Engine/Content/Tutorial/ContentIntroCurve.uasset" 135
"../../../Engine/Content/Tutorial/Basics/TutorialAssets/icon_tab_Levels_40x.uasset" 136
"../../../Engine/Content/VREditor/Sounds/UI/Click_on_Button.uasset" 137
"../../../Engine/Content/VREditor/LaserPointer/VR_LaserPower_01.uasset" 138
"../../../Engine/Content/VREditor/TransformGizmo/TransformGizmoMaterial.uasset" 139
"../../../Engine/Content/VREditor/TransformGizmo/TranslucentTransformGizmoMaterial.uasset" 140
"../../../Engine/Content/VREditor/TransformGizmo/BoundingBoxCorner.uasset" 141
"../../../Engine/Content/VREditor/TransformGizmo/BoundingBoxEdge.uasset" 142
"../../../Engine/Content/VREditor/TransformGizmo/PlaneTranslationHandle.uasset" 143
"../../../Engine/Content/VREditor/TransformGizmo/Main.uasset" 144
"../../../Engine/Content/VREditor/TransformGizmo/Xray.uasset" 145
"../../../Engine/Content/VREditor/TransformGizmo/SM_Sequencer_Key.uasset" 146
"../../../Engine/Content/VREditor/TransformGizmo/SM_Sequencer_Node.uasset" 147
"../../Plugins/2D/Paper2D/Content/PlaceholderTextures/DummySpriteTexture.uasset" 148
"../../Plugins/2D/Paper2D/Content/DummySprite.uasset" 149
"../../Plugins/2D/Paper2D/Content/DefaultPaperTerrainMaterial.uasset" 150
"../../Plugins/2D/Paper2D/Content/DefaultSpriteMaterial.uasset" 151
"../../Plugins/2D/Paper2D/Content/MaskedUnlitSpriteMaterial.uasset" 152
"../../Plugins/2D/Paper2D/Content/OpaqueUnlitSpriteMaterial.uasset" 153
"../../Plugins/Runtime/Oculus/OculusVR/Content/Materials/PokeAHoleMaterial.uasset" 154
"../../Plugins/Runtime/Oculus/OculusVR/Content/Textures/GearVRController_AO.uasset" 155
"../../Plugins/Runtime/Oculus/OculusVR/Content/Textures/GearVRController_Color.uasset" 156
"../../Plugins/Runtime/Oculus/OculusVR/Content/Textures/GearVRController_Normal.uasset" 157
"../../Plugins/Runtime/Oculus/OculusVR/Content/Materials/GearVRControllerMaterial.uasset" 158
"../../Plugins/Runtime/Oculus/OculusVR/Content/Meshes/GearVrController.uasset" 159
"../../Plugins/Runtime/Oculus/OculusVR/Content/Textures/touchController_albedo.uasset" 160
"../../Plugins/Runtime/Oculus/OculusVR/Content/Textures/touchController_controlmap.uasset" 161
"../../Plugins/Runtime/Oculus/OculusVR/Content/Materials/touchController_mat.uasset" 162
"../../Plugins/Runtime/Oculus/OculusVR/Content/Meshes/LeftTouchController.uasset" 163
"../../Plugins/Runtime/Oculus/OculusVR/Content/Meshes/RiftHMD.uasset" 164
"../../Plugins/Runtime/Oculus/OculusVR/Content/Meshes/RightTouchController.uasset" 165
"../../../Engine/Content/EditorBlueprintResources/StandardMacros.uasset" 166
"../../../Engine/Content/EngineSky/C_Sky_Cloud_Color.uasset" 167
"../../../Engine/Content/EngineSky/C_Sky_Horizon_Color.uasset" 168
"../../../Engine/Content/EngineSky/C_Sky_Zenith_Color.uasset" 169
"../../../Engine/Content/EngineSky/T_Sky_Blue.uasset" 170
"../../../Engine/Content/EngineSky/T_Sky_Clouds_M.uasset" 171
"../../../Engine/Content/EngineSky/T_Sky_Stars.uasset" 172
"../../../Engine/Content/EngineSky/M_Sky_Panning_Clouds2.uasset" 173
"../../../Engine/Content/EngineSky/SM_SkySphere.uasset" 174
"../../../Engine/Content/EngineSky/BP_Sky_Sphere.uasset" 175
"../../../../../../Projets/Unreal/Unreal_WorkshopLD/UE4_WorkshopLevelDesign/Content/Blueprints/BP_AInteractible.uasset" 176
"../../../../../../Projets/Unreal/Unreal_WorkshopLD/UE4_WorkshopLevelDesign/Content/Graphics/Materials/M_Base.uasset" 177
"../../../../../../Projets/Unreal/Unreal_WorkshopLD/UE4_WorkshopLevelDesign/Content/Graphics/Materials/M_Grey.uasset" 178
"../../../../../../Projets/Unreal/Unreal_WorkshopLD/UE4_WorkshopLevelDesign/Content/Graphics/Materials/M_Blue.uasset" 179
"../../../../../../Projets/Unreal/Unreal_WorkshopLD/UE4_WorkshopLevelDesign/Content/Graphics/Materials/M_Red.uasset" 180
"../../../../../../Projets/Unreal/Unreal_WorkshopLD/UE4_WorkshopLevelDesign/Content/Graphics/Materials/M_Green.uasset" 181
"../../../../../../Projets/Unreal/Unreal_WorkshopLD/UE4_WorkshopLevelDesign/Content/Usable_Content/Official_Cube.uasset" 182
"../../../../../../Projets/Unreal/Unreal_WorkshopLD/UE4_WorkshopLevelDesign/Content/Blueprints/BP_AButton.uasset" 183
"../../../../../../Projets/Unreal/Unreal_WorkshopLD/UE4_WorkshopLevelDesign/Content/Graphics/Mannequin/Enemy/SK_Mannequin_Skeleton.uasset" 184
"../../../../../../Projets/Unreal/Unreal_WorkshopLD/UE4_WorkshopLevelDesign/Content/Graphics/Mannequin/Enemy/SK_Enemy_Melee.uasset" 185
"../../../../../../Projets/Unreal/Unreal_WorkshopLD/UE4_WorkshopLevelDesign/Content/Blueprints/BP_AEnemy.uasset" 186
"../../../../../../Projets/Unreal/Unreal_WorkshopLD/UE4_WorkshopLevelDesign/Content/Graphics/Mannequin/Animations/ThirdPerson_Jump.uasset" 187
"../../../../../../Projets/Unreal/Unreal_WorkshopLD/UE4_WorkshopLevelDesign/Content/Graphics/Mannequin/Animations/ThirdPersonJump_Loop.uasset" 188
"../../../../../../Projets/Unreal/Unreal_WorkshopLD/UE4_WorkshopLevelDesign/Content/Graphics/Mannequin/Animations/ThirdPersonJump_Start.uasset" 189
"../../../../../../Projets/Unreal/Unreal_WorkshopLD/UE4_WorkshopLevelDesign/Content/Graphics/Mannequin/Animations/ThirdPersonIdle.uasset" 190
"../../../../../../Projets/Unreal/Unreal_WorkshopLD/UE4_WorkshopLevelDesign/Content/Graphics/Mannequin/Animations/ThirdPersonRun.uasset" 191
"../../../../../../Projets/Unreal/Unreal_WorkshopLD/UE4_WorkshopLevelDesign/Content/Graphics/Mannequin/Animations/ThirdPersonWalk.uasset" 192
"../../../../../../Projets/Unreal/Unreal_WorkshopLD/UE4_WorkshopLevelDesign/Content/Graphics/Mannequin/Animations/ThirdPerson_IdleRun_2D.uasset" 193
"../../../../../../Projets/Unreal/Unreal_WorkshopLD/UE4_WorkshopLevelDesign/Content/Graphics/Mannequin/Animations/ThirdPerson_AnimBP.uasset" 194
"../../../Engine/Content/Functions/Engine_MaterialFunctions02/Utility/BlendAngleCorrectedNormals.uasset" 195
"../../../Engine/Content/Functions/MaterialLayerFunctions/MatLayerBlend_NormalBlend.uasset" 196
"../../../Engine/Content/Functions/MaterialLayerFunctions/MatLayerBlend_Simple.uasset" 197
"../../../../../../Projets/Unreal/Unreal_WorkshopLD/UE4_WorkshopLevelDesign/Content/Graphics/Mannequin/Character/Materials/MaterialLayers/T_ML_Rubber_Blue_01_D.uasset" 198
"../../../../../../Projets/Unreal/Unreal_WorkshopLD/UE4_WorkshopLevelDesign/Content/Graphics/Mannequin/Character/Materials/MaterialLayers/T_ML_Rubber_Blue_01_N.uasset" 199
"../../../../../../Projets/Unreal/Unreal_WorkshopLD/UE4_WorkshopLevelDesign/Content/Graphics/Mannequin/Character/Materials/MaterialLayers/ML_GlossyBlack_Latex_UE4.uasset" 200
"../../../../../../Projets/Unreal/Unreal_WorkshopLD/UE4_WorkshopLevelDesign/Content/Graphics/Mannequin/Character/Materials/MaterialLayers/ML_Plastic_Shiny_Beige.uasset" 201
"../../../../../../Projets/Unreal/Unreal_WorkshopLD/UE4_WorkshopLevelDesign/Content/Graphics/Mannequin/Character/Textures/UE4_LOGO_CARD.uasset" 202
"../../../../../../Projets/Unreal/Unreal_WorkshopLD/UE4_WorkshopLevelDesign/Content/Graphics/Mannequin/Character/Materials/MaterialLayers/ML_Plastic_Shiny_Beige_LOGO.uasset" 203
"../../../../../../Projets/Unreal/Unreal_WorkshopLD/UE4_WorkshopLevelDesign/Content/Graphics/Mannequin/Character/Materials/MaterialLayers/T_ML_Aluminum01.uasset" 204
"../../../../../../Projets/Unreal/Unreal_WorkshopLD/UE4_WorkshopLevelDesign/Content/Graphics/Mannequin/Character/Materials/MaterialLayers/T_ML_Aluminum01_N.uasset" 205
"../../../../../../Projets/Unreal/Unreal_WorkshopLD/UE4_WorkshopLevelDesign/Content/Graphics/Mannequin/Character/Materials/MaterialLayers/ML_SoftMetal_UE4.uasset" 206
"../../../../../../Projets/Unreal/Unreal_WorkshopLD/UE4_WorkshopLevelDesign/Content/Graphics/Mannequin/Character/Textures/UE4_Mannequin__normals.uasset" 207
"../../../../../../Projets/Unreal/Unreal_WorkshopLD/UE4_WorkshopLevelDesign/Content/Graphics/Mannequin/Character/Textures/UE4_Mannequin_MAT_MASKA.uasset" 208
"../../../../../../Projets/Unreal/Unreal_WorkshopLD/UE4_WorkshopLevelDesign/Content/Graphics/Mannequin/Character/Materials/M_UE4Man_Body.uasset" 209
"../../../../../../Projets/Unreal/Unreal_WorkshopLD/UE4_WorkshopLevelDesign/Content/Graphics/Mannequin/Character/Textures/UE4Man_Logo_N.uasset" 210
"../../../../../../Projets/Unreal/Unreal_WorkshopLD/UE4_WorkshopLevelDesign/Content/Graphics/Mannequin/Character/Materials/M_UE4Man_ChestLogo.uasset" 211
"../../../../../../Projets/Unreal/Unreal_WorkshopLD/UE4_WorkshopLevelDesign/Content/Graphics/Mannequin/Character/Mesh/SK_Mannequin_PhysicsAsset.uasset" 212
"../../../../../../Projets/Unreal/Unreal_WorkshopLD/UE4_WorkshopLevelDesign/Content/Graphics/Mannequin/Character/Mesh/SK_Mannequin.uasset" 213
"../../../../../../Projets/Unreal/Unreal_WorkshopLD/UE4_WorkshopLevelDesign/Content/Blueprints/ThirdPersonCharacter.uasset" 214
"../../../../../../Projets/Unreal/Unreal_WorkshopLD/UE4_WorkshopLevelDesign/Content/Blueprints/WGT_HUD.uasset" 215
"../../../../../../Projets/Unreal/Unreal_WorkshopLD/UE4_WorkshopLevelDesign/Content/Blueprints/ThirdPersonGameMode.uasset" 216
"../../../../../../Projets/Unreal/Unreal_WorkshopLD/UE4_WorkshopLevelDesign/Content/Audio/Gun_Ammo_Pickup06.uasset" 217
"../../../../../../Projets/Unreal/Unreal_WorkshopLD/UE4_WorkshopLevelDesign/Content/Audio/Gun_Ammo_Pickup06_Cue.uasset" 218
"../../../../../../Projets/Unreal/Unreal_WorkshopLD/UE4_WorkshopLevelDesign/Content/Blueprints/BP_APickup.uasset" 219
"../../../../../../Projets/Unreal/Unreal_WorkshopLD/UE4_WorkshopLevelDesign/Content/Graphics/Materials/M_Yellow.uasset" 220
"../../../../../../Projets/Unreal/Unreal_WorkshopLD/UE4_WorkshopLevelDesign/Content/Graphics/Interactibles/SM_Bonfire.uasset" 221
"../../../../../../Projets/Unreal/Unreal_WorkshopLD/UE4_WorkshopLevelDesign/Content/Usable_Content/BP_Bonfire.uasset" 222
"../../../../../../Projets/Unreal/Unreal_WorkshopLD/UE4_WorkshopLevelDesign/Content/Audio/Door_Locked_HandleRattle3.uasset" 223
"../../../../../../Projets/Unreal/Unreal_WorkshopLD/UE4_WorkshopLevelDesign/Content/Audio/Door_Locked_HandleRattle3_Cue.uasset" 224
"../../../../../../Projets/Unreal/Unreal_WorkshopLD/UE4_WorkshopLevelDesign/Content/Audio/SFX_OpenDoor_01.uasset" 225
"../../../../../../Projets/Unreal/Unreal_WorkshopLD/UE4_WorkshopLevelDesign/Content/Audio/SFX_OpenDoor_01_Cue.uasset" 226
"../../../../../../Projets/Unreal/Unreal_WorkshopLD/UE4_WorkshopLevelDesign/Content/Usable_Content/BP_Door.uasset" 227
"../../../Engine/Content/VREditor/Sounds/UI/Click_on_Button_Cue.uasset" 228
"../../../../../../Projets/Unreal/Unreal_WorkshopLD/UE4_WorkshopLevelDesign/Content/Usable_Content/BP_Elevator.uasset" 229
"../../../../../../Projets/Unreal/Unreal_WorkshopLD/UE4_WorkshopLevelDesign/Content/Graphics/Mannequin/Enemy/SK_Enemy_Archer.uasset" 230
"../../../../../../Projets/Unreal/Unreal_WorkshopLD/UE4_WorkshopLevelDesign/Content/Usable_Content/BP_Enemy_Archer.uasset" 231
"../../../../../../Projets/Unreal/Unreal_WorkshopLD/UE4_WorkshopLevelDesign/Content/Graphics/Mannequin/Enemy/SK_Enemy_FrostGiant_Captain_Skeleton.uasset" 232
"../../../../../../Projets/Unreal/Unreal_WorkshopLD/UE4_WorkshopLevelDesign/Content/Graphics/Mannequin/Enemy/SK_Enemy_Boss.uasset" 233
"../../../../../../Projets/Unreal/Unreal_WorkshopLD/UE4_WorkshopLevelDesign/Content/Usable_Content/BP_Enemy_Boss.uasset" 234
"../../../../../../Projets/Unreal/Unreal_WorkshopLD/UE4_WorkshopLevelDesign/Content/Graphics/Mannequin/Enemy/SKT_Melee_Elite.uasset" 235
"../../../../../../Projets/Unreal/Unreal_WorkshopLD/UE4_WorkshopLevelDesign/Content/Graphics/Mannequin/Enemy/SK_Melee_Elite.uasset" 236
"../../../../../../Projets/Unreal/Unreal_WorkshopLD/UE4_WorkshopLevelDesign/Content/Usable_Content/BP_Enemy_Heavy_Melee.uasset" 237
"../../../../../../Projets/Unreal/Unreal_WorkshopLD/UE4_WorkshopLevelDesign/Content/Usable_Content/BP_Enemy_Melee.uasset" 238
"../../../../../../Projets/Unreal/Unreal_WorkshopLD/UE4_WorkshopLevelDesign/Content/Audio/SFX_OpenDoor_04.uasset" 239
"../../../../../../Projets/Unreal/Unreal_WorkshopLD/UE4_WorkshopLevelDesign/Content/Audio/SFX_OpenDoor_04_Cue.uasset" 240
"../../../../../../Projets/Unreal/Unreal_WorkshopLD/UE4_WorkshopLevelDesign/Content/Usable_Content/BP_LockedDoor.uasset" 241
"../../../../../../Projets/Unreal/Unreal_WorkshopLD/UE4_WorkshopLevelDesign/Content/Graphics/Interactibles/SM_Pickup.uasset" 242
"../../../../../../Projets/Unreal/Unreal_WorkshopLD/UE4_WorkshopLevelDesign/Content/Usable_Content/BP_Pickup_Bonus1.uasset" 243
"../../../../../../Projets/Unreal/Unreal_WorkshopLD/UE4_WorkshopLevelDesign/Content/Usable_Content/BP_Pickup_Bonus2.uasset" 244
"../../../../../../Projets/Unreal/Unreal_WorkshopLD/UE4_WorkshopLevelDesign/Content/Graphics/Interactibles/SM_Potion.uasset" 245
"../../../../../../Projets/Unreal/Unreal_WorkshopLD/UE4_WorkshopLevelDesign/Content/Usable_Content/BP_Pickup_Potion.uasset" 246
"../../../../../../Projets/Unreal/Unreal_WorkshopLD/UE4_WorkshopLevelDesign/Content/Graphics/Interactibles/SKT_Shield.uasset" 247
"../../../../../../Projets/Unreal/Unreal_WorkshopLD/UE4_WorkshopLevelDesign/Content/Graphics/Interactibles/SK_Shield.uasset" 248
"../../../../../../Projets/Unreal/Unreal_WorkshopLD/UE4_WorkshopLevelDesign/Content/Usable_Content/BP_Pickup_Shield.uasset" 249
"../../../../../../Projets/Unreal/Unreal_WorkshopLD/UE4_WorkshopLevelDesign/Content/Graphics/Interactibles/SKT_Sword.uasset" 250
"../../../../../../Projets/Unreal/Unreal_WorkshopLD/UE4_WorkshopLevelDesign/Content/Graphics/Interactibles/SK_Sword.uasset" 251
"../../../../../../Projets/Unreal/Unreal_WorkshopLD/UE4_WorkshopLevelDesign/Content/Usable_Content/BP_Pickup_Sword.uasset" 252
"../../../../../../Projets/Unreal/Unreal_WorkshopLD/UE4_WorkshopLevelDesign/Content/Graphics/Materials/M_Orange.uasset" 253
"../../../../../../Projets/Unreal/Unreal_WorkshopLD/UE4_WorkshopLevelDesign/Content/Usable_Content/BP_Trap.uasset" 254
"../../../../../../Projets/Unreal/Unreal_WorkshopLD/UE4_WorkshopLevelDesign/Content/Maps/Showcase_BuiltData.uasset" 255
"../../../../../../Projets/Unreal/Unreal_WorkshopLD/UE4_WorkshopLevelDesign/Content/Usable_Content/Official_Cylinder.uasset" 256
"../../../../../../Projets/Unreal/Unreal_WorkshopLD/UE4_WorkshopLevelDesign/Content/Maps/Showcase.umap" 257
"../../../../../../Projets/Unreal/Unreal_WorkshopLD/UE4_WorkshopLevelDesign/Content/Maps/WorkshopLevelDesign_BuiltData.uasset" 258
"../../../../../../Projets/Unreal/Unreal_WorkshopLD/UE4_WorkshopLevelDesign/Content/Maps/WorkshopLevelDesign.umap" 259
"../../../Engine/Content/Maps/Entry_BuiltData.uasset" 260
"../../../Engine/Content/Maps/Entry.umap" 261
